Using pre-set license
Built from '2020.3/release' branch; Version is '2020.3.31f1 (6b54b7616050) revision 7034039'; Using compiler version '192528614'; Build Type 'Release'
OS: 'Windows 11  (10.0.22000) 64bit Core' Language: 'en' Physical Memory: 7987 MB
BatchMode: 1, IsHumanControllingUs: 0, StartBugReporterOnCrash: 0, Is64bit: 1, IsPro: 0

COMMAND LINE ARGUMENTS:
C:\Program Files\Unity\Hub\Editor\2020.3.31f1\Editor\Unity.exe
-adb2
-batchMode
-noUpm
-name
AssetImportWorker0
-projectPath
C:/Users/ragha/OneDrive/تحميلات OneNote/المرفقات/المستندات/GitHub/AlMaher_Project/My project
-logFile
Logs/AssetImportWorker0.log
-srvPort
57013
Successfully changed project path to: C:/Users/ragha/OneDrive/تحميلات OneNote/المرفقات/المستندات/GitHub/AlMaher_Project/My project
C:/Users/ragha/OneDrive/تحميلات OneNote/المرفقات/المستندات/GitHub/AlMaher_Project/My project
Using Asset Import Pipeline V2.
Refreshing native plugins compatible for Editor in 34.75 ms, found 3 plugins.
Preloading 0 native plugins for Editor in 0.00 ms.
Initialize engine version: 2020.3.31f1 (6b54b7616050)
[Subsystems] Discovering subsystems at path C:/Program Files/Unity/Hub/Editor/2020.3.31f1/Editor/Data/Resources/UnitySubsystems
[Subsystems] Discovering subsystems at path C:/Users/ragha/OneDrive/تحميلات OneNote/المرفقات/المستندات/GitHub/AlMaher_Project/My project/Assets
GfxDevice: creating device client; threaded=0
Direct3D:
    Version:  Direct3D 11.0 [level 11.1]
    Renderer: Intel(R) Iris(R) Xe Graphics (ID=0x9a49)
    Vendor:   
    VRAM:     3993 MB
    Driver:   30.0.100.9864
Initialize mono
Mono path[0] = 'C:/Program Files/Unity/Hub/Editor/2020.3.31f1/Editor/Data/Managed'
Mono path[1] = 'C:/Program Files/Unity/Hub/Editor/2020.3.31f1/Editor/Data/MonoBleedingEdge/lib/mono/unityjit'
Mono config path = 'C:/Program Files/Unity/Hub/Editor/2020.3.31f1/Editor/Data/MonoBleedingEdge/etc'
Using monoOptions --debugger-agent=transport=dt_socket,embedding=1,server=y,suspend=n,address=127.0.0.1:56756
Begin MonoManager ReloadAssembly
Registering precompiled unity dll's ...
Register platform support module: C:/Program Files/Unity/Hub/Editor/2020.3.31f1/Editor/Data/PlaybackEngines/WebGLSupport/UnityEditor.WebGL.Extensions.dll
Register platform support module: C:/Program Files/Unity/Hub/Editor/2020.3.31f1/Editor/Data/PlaybackEngines/WindowsStandaloneSupport/UnityEditor.WindowsStandalone.Extensions.dll
Registered in 0.014091 seconds.
Native extension for WindowsStandalone target not found
Native extension for WebGL target not found
Refreshing native plugins compatible for Editor in 26.03 ms, found 3 plugins.
Preloading 0 native plugins for Editor in 0.00 ms.
Mono: successfully reloaded assembly
- Completed reload, in  0.610 seconds
Domain Reload Profiling:
	ReloadAssembly (610ms)
		BeginReloadAssembly (142ms)
			ExecutionOrderSort (0ms)
			DisableScriptedObjects (0ms)
			BackupInstance (0ms)
			ReleaseScriptingObjects (0ms)
			CreateAndSetChildDomain (1ms)
		EndReloadAssembly (391ms)
			LoadAssemblies (142ms)
			RebuildTransferFunctionScriptingTraits (0ms)
			SetupTypeCache (124ms)
			ReleaseScriptCaches (0ms)
			RebuildScriptCaches (27ms)
			SetupLoadedEditorAssemblies (149ms)
				LogAssemblyErrors (0ms)
				InitializePlatformSupportModulesInManaged (4ms)
				SetLoadedEditorAssemblies (0ms)
				RefreshPlugins (26ms)
				BeforeProcessingInitializeOnLoad (8ms)
				ProcessInitializeOnLoadAttributes (72ms)
				ProcessInitializeOnLoadMethodAttributes (38ms)
				AfterProcessingInitializeOnLoad (0ms)
				EditorAssembliesLoaded (0ms)
			ExecutionOrderSort2 (0ms)
			AwakeInstancesAfterBackupRestoration (0ms)
Platform modules already initialized, skipping
Registering precompiled user dll's ...
Registered in 0.011666 seconds.
Begin MonoManager ReloadAssembly
Native extension for WindowsStandalone target not found
Native extension for WebGL target not found
Refreshing native plugins compatible for Editor in 0.35 ms, found 3 plugins.
Preloading 0 native plugins for Editor in 0.00 ms.
Mono: successfully reloaded assembly
- Completed reload, in  0.868 seconds
Domain Reload Profiling:
	ReloadAssembly (869ms)
		BeginReloadAssembly (154ms)
			ExecutionOrderSort (0ms)
			DisableScriptedObjects (4ms)
			BackupInstance (0ms)
			ReleaseScriptingObjects (0ms)
			CreateAndSetChildDomain (17ms)
		EndReloadAssembly (670ms)
			LoadAssemblies (140ms)
			RebuildTransferFunctionScriptingTraits (0ms)
			SetupTypeCache (205ms)
			ReleaseScriptCaches (0ms)
			RebuildScriptCaches (32ms)
			SetupLoadedEditorAssemblies (267ms)
				LogAssemblyErrors (0ms)
				InitializePlatformSupportModulesInManaged (5ms)
				SetLoadedEditorAssemblies (1ms)
				RefreshPlugins (1ms)
				BeforeProcessingInitializeOnLoad (47ms)
				ProcessInitializeOnLoadAttributes (200ms)
				ProcessInitializeOnLoadMethodAttributes (10ms)
				AfterProcessingInitializeOnLoad (4ms)
				EditorAssembliesLoaded (0ms)
			ExecutionOrderSort2 (0ms)
			AwakeInstancesAfterBackupRestoration (6ms)
Platform modules already initialized, skipping
========================================================================
Worker process is ready to serve import requests
Launched and connected shader compiler UnityShaderCompiler.exe after 0.06 seconds
Refreshing native plugins compatible for Editor in 0.46 ms, found 3 plugins.
Preloading 0 native plugins for Editor in 0.00 ms.
Unloading 1510 Unused Serialized files (Serialized files now loaded: 0)
System memory in use before: 69.3 MB.
System memory in use after: 69.4 MB.

Unloading 18 unused Assets to reduce memory usage. Loaded Objects now: 1945.
Total: 2.103900 ms (FindLiveObjects: 0.104800 ms CreateObjectMapping: 0.027900 ms MarkObjects: 1.901300 ms  DeleteObjects: 0.068800 ms)

AssetImportParameters requested are different than current active one (requested -> active):
  custom:framework-win-MediaFoundation: 216162199b28c13a410421893ffa2e32 -> 
  custom:video-decoder-ogg-theora: a1e56fd34408186e4bbccfd4996cb3dc -> 
  custom:container-muxer-webm: aa71ff27fc2769a1b78a27578f13a17b -> 
  custom:container-demuxer-webm: 4f35f7cbe854078d1ac9338744f61a02 -> 
  custom:container-demuxer-ogg: 62fdf1f143b41e24485cea50d1cbac27 -> 
  custom:video-encoder-webm-vp8: eb34c28f22e8b96e1ab97ce403110664 -> 
  custom:video-decoder-webm-vp8: 9c59270c3fd7afecdb556c50c9e8de78 -> 
  custom:audio-decoder-ogg-vorbis: bf7c407c2cedff20999df2af8eb42d56 -> 
  custom:audio-encoder-webm-vorbis: bf7c407c2cedff20999df2af8eb42d56 -> 
========================================================================
Received Import Request.
  path: Assets/HomePage.unity
  artifactKey: Guid(339b3067dcf73d640b87600de5bfb273) Importer(815301076,1909f56bfc062723c751e8b465ee728b)
Start importing Assets/HomePage.unity using Guid(339b3067dcf73d640b87600de5bfb273) Importer(815301076,1909f56bfc062723c751e8b465ee728b)  -> (artifact id: '17fa4537177a2dea938701bea7c6664c') in 0.007090 seconds 
========================================================================
Received Import Request.
  Time since last request: 298.352780 seconds.
  path: Assets/BackGround4 1.png
  artifactKey: Guid(67b4d7706f6b48b43a5868842a757b2d) Importer(815301076,1909f56bfc062723c751e8b465ee728b)
Start importing Assets/BackGround4 1.png using Guid(67b4d7706f6b48b43a5868842a757b2d) Importer(815301076,1909f56bfc062723c751e8b465ee728b)  -> (artifact id: '9fa9015f2b42f2732f6731f611128de4') in 0.095156 seconds 
========================================================================
Received Import Request.
  Time since last request: 4.853483 seconds.
  path: Assets/BackGround5.png
  artifactKey: Guid(c18411391e03f7b4cba9acc7a2e3f23d) Importer(815301076,1909f56bfc062723c751e8b465ee728b)
Start importing Assets/BackGround5.png using Guid(c18411391e03f7b4cba9acc7a2e3f23d) Importer(815301076,1909f56bfc062723c751e8b465ee728b)  -> (artifact id: 'ab25938096e44e8a251386032871da33') in 0.034052 seconds 
========================================================================
Received Import Request.
  Time since last request: 0.000691 seconds.
  path: Assets/BackGround7.png
  artifactKey: Guid(6f0a5654db164374587a8a33542d1668) Importer(815301076,1909f56bfc062723c751e8b465ee728b)
Start importing Assets/BackGround7.png using Guid(6f0a5654db164374587a8a33542d1668) Importer(815301076,1909f56bfc062723c751e8b465ee728b)  -> (artifact id: '37e4d697f3e92c9d5243fbd23d328a49') in 0.028422 seconds 
========================================================================
Received Import Request.
  Time since last request: 0.000863 seconds.
  path: Assets/BackGround6.png
  artifactKey: Guid(1eb27ecb7fa880a468ecbeb3e5697fe4) Importer(815301076,1909f56bfc062723c751e8b465ee728b)
Start importing Assets/BackGround6.png using Guid(1eb27ecb7fa880a468ecbeb3e5697fe4) Importer(815301076,1909f56bfc062723c751e8b465ee728b)  -> (artifact id: 'a43cef5cb5b11d5329fc3ab18a0c6b9e') in 0.028037 seconds 
========================================================================
Received Import Request.
  Time since last request: 33.046268 seconds.
  path: Assets/BackGround4 1.png
  artifactKey: Guid(67b4d7706f6b48b43a5868842a757b2d) Importer(815301076,1909f56bfc062723c751e8b465ee728b)
Start importing Assets/BackGround4 1.png using Guid(67b4d7706f6b48b43a5868842a757b2d) Importer(815301076,1909f56bfc062723c751e8b465ee728b)  -> (artifact id: 'c82c4df498f93e97ac488547050b9134') in 0.087795 seconds 
========================================================================
Received Import Request.
  Time since last request: 21.197713 seconds.
  path: Assets/BackGround5.png
  artifactKey: Guid(c18411391e03f7b4cba9acc7a2e3f23d) Importer(815301076,1909f56bfc062723c751e8b465ee728b)
Start importing Assets/BackGround5.png using Guid(c18411391e03f7b4cba9acc7a2e3f23d) Importer(815301076,1909f56bfc062723c751e8b465ee728b)  -> (artifact id: 'b27189bea16e64ec9d85b7ce4e8e91df') in 0.057788 seconds 
========================================================================
Received Import Request.
  Time since last request: 13.011517 seconds.
  path: Assets/BackGround6.png
  artifactKey: Guid(1eb27ecb7fa880a468ecbeb3e5697fe4) Importer(815301076,1909f56bfc062723c751e8b465ee728b)
Start importing Assets/BackGround6.png using Guid(1eb27ecb7fa880a468ecbeb3e5697fe4) Importer(815301076,1909f56bfc062723c751e8b465ee728b)  -> (artifact id: 'ee355ddb63221af30d910ca5cb285b34') in 0.058918 seconds 
========================================================================
Received Import Request.
  Time since last request: 175.185482 seconds.
  path: Assets/BackGround7.png
  artifactKey: Guid(6f0a5654db164374587a8a33542d1668) Importer(815301076,1909f56bfc062723c751e8b465ee728b)
Start importing Assets/BackGround7.png using Guid(6f0a5654db164374587a8a33542d1668) Importer(815301076,1909f56bfc062723c751e8b465ee728b)  -> (artifact id: 'aa21fb4b031d98800f1fbc34cc00d53d') in 0.048977 seconds 
========================================================================
Received Prepare
Registering precompiled user dll's ...
Registered in 0.003648 seconds.
Begin MonoManager ReloadAssembly
Native extension for WindowsStandalone target not found
Native extension for WebGL target not found
Refreshing native plugins compatible for Editor in 0.29 ms, found 3 plugins.
Preloading 0 native plugins for Editor in 0.00 ms.
Mono: successfully reloaded assembly
- Completed reload, in  0.772 seconds
Domain Reload Profiling:
	ReloadAssembly (773ms)
		BeginReloadAssembly (129ms)
			ExecutionOrderSort (0ms)
			DisableScriptedObjects (3ms)
			BackupInstance (0ms)
			ReleaseScriptingObjects (0ms)
			CreateAndSetChildDomain (29ms)
		EndReloadAssembly (600ms)
			LoadAssemblies (119ms)
			RebuildTransferFunctionScriptingTraits (0ms)
			SetupTypeCache (196ms)
			ReleaseScriptCaches (1ms)
			RebuildScriptCaches (32ms)
			SetupLoadedEditorAssemblies (225ms)
				LogAssemblyErrors (0ms)
				InitializePlatformSupportModulesInManaged (5ms)
				SetLoadedEditorAssemblies (0ms)
				RefreshPlugins (0ms)
				BeforeProcessingInitializeOnLoad (43ms)
				ProcessInitializeOnLoadAttributes (165ms)
				ProcessInitializeOnLoadMethodAttributes (8ms)
				AfterProcessingInitializeOnLoad (4ms)
				EditorAssembliesLoaded (0ms)
			ExecutionOrderSort2 (0ms)
			AwakeInstancesAfterBackupRestoration (5ms)
Platform modules already initialized, skipping
Refreshing native plugins compatible for Editor in 0.33 ms, found 3 plugins.
Preloading 0 native plugins for Editor in 0.00 ms.
Unloading 1504 Unused Serialized files (Serialized files now loaded: 0)
System memory in use before: 72.2 MB.
System memory in use after: 72.3 MB.

Unloading 13 unused Assets to reduce memory usage. Loaded Objects now: 1958.
Total: 2.388700 ms (FindLiveObjects: 0.090700 ms CreateObjectMapping: 0.027500 ms MarkObjects: 2.248900 ms  DeleteObjects: 0.020500 ms)

AssetImportParameters requested are different than current active one (requested -> active):
  custom:framework-win-MediaFoundation: 216162199b28c13a410421893ffa2e32 -> 
  custom:video-decoder-ogg-theora: a1e56fd34408186e4bbccfd4996cb3dc -> 
  custom:container-muxer-webm: aa71ff27fc2769a1b78a27578f13a17b -> 
  custom:container-demuxer-webm: 4f35f7cbe854078d1ac9338744f61a02 -> 
  custom:container-demuxer-ogg: 62fdf1f143b41e24485cea50d1cbac27 -> 
  custom:video-encoder-webm-vp8: eb34c28f22e8b96e1ab97ce403110664 -> 
  custom:video-decoder-webm-vp8: 9c59270c3fd7afecdb556c50c9e8de78 -> 
  custom:audio-decoder-ogg-vorbis: bf7c407c2cedff20999df2af8eb42d56 -> 
  custom:audio-encoder-webm-vorbis: bf7c407c2cedff20999df2af8eb42d56 -> 
AssetImportWorkerClient::OnTransportError - code=2 error=End of file
